2018-09-10 18:27:36,345 INFO o.a.j.u.JMeterUtils: Setting Locale to en_EN
2018-09-10 18:27:36,501 INFO o.a.j.JMeter: Loading user properties from: user.properties
2018-09-10 18:27:36,520 INFO o.a.j.JMeter: Loading system properties from: system.properties
2018-09-10 18:27:36,540 INFO o.a.j.JMeter: Copyright (c) 1998-2018 The Apache Software Foundation
2018-09-10 18:27:36,540 INFO o.a.j.JMeter: Version 4.0 r1823414
2018-09-10 18:27:36,540 INFO o.a.j.JMeter: java.version=1.8.0_171
2018-09-10 18:27:36,540 INFO o.a.j.JMeter: java.vm.name=Java HotSpot(TM) 64-Bit Server VM
2018-09-10 18:27:36,540 INFO o.a.j.JMeter: os.name=Windows 10
2018-09-10 18:27:36,540 INFO o.a.j.JMeter: os.arch=amd64
2018-09-10 18:27:36,540 INFO o.a.j.JMeter: os.version=10.0
2018-09-10 18:27:36,540 INFO o.a.j.JMeter: file.encoding=Cp1252
2018-09-10 18:27:36,540 INFO o.a.j.JMeter: Max memory     =1073741824
2018-09-10 18:27:36,540 INFO o.a.j.JMeter: Available Processors =8
2018-09-10 18:27:36,570 INFO o.a.j.JMeter: Default Locale=English (EN)
2018-09-10 18:27:36,570 INFO o.a.j.JMeter: JMeter  Locale=English (EN)
2018-09-10 18:27:36,570 INFO o.a.j.JMeter: JMeterHome=C:\Users\hluong\Downloads\apache-jmeter-4.0
2018-09-10 18:27:36,570 INFO o.a.j.JMeter: user.dir  =C:\Users\hluong\Downloads\apache-jmeter-4.0\bin
2018-09-10 18:27:36,570 INFO o.a.j.JMeter: PWD       =C:\Users\hluong\Downloads\apache-jmeter-4.0\bin
2018-09-10 18:27:36,573 INFO o.a.j.JMeter: IP: 192.168.56.1 Name: DESKTOP-U38PC59 FullName: DESKTOP-U38PC59
2018-09-10 18:27:38,063 INFO o.a.j.g.a.LookAndFeelCommand: Installing Darcula LAF
2018-09-10 18:27:38,210 INFO o.a.j.g.a.LookAndFeelCommand: Using look and feel: com.bulenkov.darcula.DarculaLaf [Darcula]
2018-09-10 18:27:38,210 INFO o.a.j.JMeter: Setting LAF to: com.bulenkov.darcula.DarculaLaf
2018-09-10 18:27:38,543 INFO o.a.j.JMeter: Loaded icon properties from org/apache/jmeter/images/icon.properties
2018-09-10 18:27:39,394 INFO o.a.j.e.u.CompoundVariable: Note: Function class names must contain the string: '.functions.'
2018-09-10 18:27:39,394 INFO o.a.j.e.u.CompoundVariable: Note: Function class names must not contain the string: '.gui.'
2018-09-10 18:27:42,513 INFO o.a.j.p.h.s.HTTPSamplerBase: Parser for text/html is org.apache.jmeter.protocol.http.parser.LagartoBasedHtmlParser
2018-09-10 18:27:42,513 INFO o.a.j.p.h.s.HTTPSamplerBase: Parser for application/xhtml+xml is org.apache.jmeter.protocol.http.parser.LagartoBasedHtmlParser
2018-09-10 18:27:42,513 INFO o.a.j.p.h.s.HTTPSamplerBase: Parser for application/xml is org.apache.jmeter.protocol.http.parser.LagartoBasedHtmlParser
2018-09-10 18:27:42,513 INFO o.a.j.p.h.s.HTTPSamplerBase: Parser for text/xml is org.apache.jmeter.protocol.http.parser.LagartoBasedHtmlParser
2018-09-10 18:27:42,513 INFO o.a.j.p.h.s.HTTPSamplerBase: Parser for text/vnd.wap.wml is org.apache.jmeter.protocol.http.parser.RegexpHTMLParser
2018-09-10 18:27:42,513 INFO o.a.j.p.h.s.HTTPSamplerBase: Parser for text/css is org.apache.jmeter.protocol.http.parser.CssParser
2018-09-10 18:27:43,367 INFO o.a.j.e.KeyToolUtils: keytool found at 'keytool'
2018-09-10 18:27:43,367 INFO o.a.j.p.h.p.ProxyControl: HTTP(S) Test Script Recorder SSL Proxy will use keys that support embedded 3rd party resources in file C:\Users\hluong\Downloads\apache-jmeter-4.0\bin\proxyserver.jks
2018-09-10 18:27:43,532 INFO o.a.j.s.FileServer: Default base='C:\Users\hluong\Downloads\apache-jmeter-4.0\bin'
2018-09-10 18:27:45,245 INFO o.a.j.s.SampleResult: Note: Sample TimeStamps are START times
2018-09-10 18:27:45,246 INFO o.a.j.s.SampleResult: sampleresult.default.encoding is set to ISO-8859-1
2018-09-10 18:27:45,246 INFO o.a.j.s.SampleResult: sampleresult.useNanoTime=true
2018-09-10 18:27:45,246 INFO o.a.j.s.SampleResult: sampleresult.nanoThreadSleep=5000
2018-09-10 18:32:57,096 INFO o.a.j.s.FileServer: Set new base='C:\Users\hluong\Downloads\apache-jmeter-4.0\bin'
2018-09-10 18:32:57,438 INFO o.a.j.s.SaveService: Testplan (JMX) version: 2.2. Testlog (JTL) version: 2.2
2018-09-10 18:32:57,485 INFO o.a.j.s.SaveService: Using SaveService properties file encoding UTF-8
2018-09-10 18:32:57,486 INFO o.a.j.s.SaveService: Using SaveService properties version 4.0
2018-09-10 18:33:04,942 INFO o.a.j.e.StandardJMeterEngine: Running the test!
2018-09-10 18:33:04,943 INFO o.a.j.s.SampleEvent: List of sample_variables: []
2018-09-10 18:33:04,943 INFO o.a.j.s.SampleEvent: List of sample_variables: []
2018-09-10 18:33:04,947 INFO o.a.j.g.u.JMeterMenuBar: setRunning(true, *local*)
2018-09-10 18:33:05,114 INFO o.a.j.e.StandardJMeterEngine: Starting ThreadGroup: 1 : Thread Group
2018-09-10 18:33:05,114 INFO o.a.j.e.StandardJMeterEngine: Starting 3 threads for group Thread Group.
2018-09-10 18:33:05,115 INFO o.a.j.e.StandardJMeterEngine: Thread will continue on error
2018-09-10 18:33:05,115 INFO o.a.j.t.ThreadGroup: Starting thread group... number=1 threads=3 ramp-up=5 perThread=1666.6666 delayedStart=false
2018-09-10 18:33:05,119 INFO o.a.j.t.ThreadGroup: Started thread group number 1
2018-09-10 18:33:05,119 INFO o.a.j.e.StandardJMeterEngine: All thread groups have been started
2018-09-10 18:33:05,121 INFO o.a.j.t.JMeterThread: Thread started: Thread Group 1-1
2018-09-10 18:33:05,459 INFO o.a.j.p.h.s.HTTPHCAbstractImpl: Local host = DESKTOP-U38PC59
2018-09-10 18:33:05,465 INFO o.a.j.p.h.s.HTTPHC4Impl: HTTP request retry count = 0
2018-09-10 18:33:06,788 INFO o.a.j.t.JMeterThread: Thread started: Thread Group 1-2
2018-09-10 18:33:08,454 INFO o.a.j.t.JMeterThread: Thread started: Thread Group 1-3
2018-09-10 18:33:09,672 INFO o.a.j.t.JMeterThread: Thread is done: Thread Group 1-2
2018-09-10 18:33:09,672 INFO o.a.j.t.JMeterThread: Thread is done: Thread Group 1-1
2018-09-10 18:33:09,672 INFO o.a.j.t.JMeterThread: Thread finished: Thread Group 1-1
2018-09-10 18:33:09,672 INFO o.a.j.t.JMeterThread: Thread finished: Thread Group 1-2
2018-09-10 18:33:09,889 INFO o.a.j.t.JMeterThread: Thread is done: Thread Group 1-3
2018-09-10 18:33:09,889 INFO o.a.j.t.JMeterThread: Thread finished: Thread Group 1-3
2018-09-10 18:33:09,890 INFO o.a.j.e.StandardJMeterEngine: Notifying test listeners of end of test
2018-09-10 18:33:09,891 INFO o.a.j.g.u.JMeterMenuBar: setRunning(false, *local*)
2018-09-10 18:34:55,405 INFO o.a.j.e.StandardJMeterEngine: Running the test!
2018-09-10 18:34:55,406 INFO o.a.j.s.SampleEvent: List of sample_variables: []
2018-09-10 18:34:55,408 INFO o.a.j.g.u.JMeterMenuBar: setRunning(true, *local*)
2018-09-10 18:34:55,538 INFO o.a.j.e.StandardJMeterEngine: Starting ThreadGroup: 1 : Thread Group
2018-09-10 18:34:55,538 INFO o.a.j.e.StandardJMeterEngine: Starting 3 threads for group Thread Group.
2018-09-10 18:34:55,538 INFO o.a.j.e.StandardJMeterEngine: Thread will continue on error
2018-09-10 18:34:55,538 INFO o.a.j.t.ThreadGroup: Starting thread group... number=1 threads=3 ramp-up=5 perThread=1666.6666 delayedStart=false
2018-09-10 18:34:55,540 INFO o.a.j.t.JMeterThread: Thread started: Thread Group 1-1
2018-09-10 18:34:55,541 INFO o.a.j.t.ThreadGroup: Started thread group number 1
2018-09-10 18:34:55,541 INFO o.a.j.e.StandardJMeterEngine: All thread groups have been started
2018-09-10 18:34:57,206 INFO o.a.j.t.JMeterThread: Thread started: Thread Group 1-2
2018-09-10 18:34:58,095 INFO o.a.j.t.JMeterThread: Thread is done: Thread Group 1-1
2018-09-10 18:34:58,096 INFO o.a.j.t.JMeterThread: Thread finished: Thread Group 1-1
2018-09-10 18:34:58,876 INFO o.a.j.t.JMeterThread: Thread started: Thread Group 1-3
2018-09-10 18:34:59,295 INFO o.a.j.t.JMeterThread: Thread is done: Thread Group 1-2
2018-09-10 18:34:59,295 INFO o.a.j.t.JMeterThread: Thread finished: Thread Group 1-2
2018-09-10 18:35:00,027 INFO o.a.j.t.JMeterThread: Thread is done: Thread Group 1-3
2018-09-10 18:35:00,027 INFO o.a.j.t.JMeterThread: Thread finished: Thread Group 1-3
2018-09-10 18:35:00,027 INFO o.a.j.e.StandardJMeterEngine: Notifying test listeners of end of test
2018-09-10 18:35:00,027 INFO o.a.j.g.u.JMeterMenuBar: setRunning(false, *local*)
